<?xml version="1.0" encoding="UTF-8"?>
<testng-results skipped="0" failed="0" ignored="0" total="1" passed="1">
  <reporter-output>
  </reporter-output>
  <suite name="Suite" duration-ms="4355" started-at="2021-03-15T18:42:27Z" finished-at="2021-03-15T18:42:31Z">
    <groups>
    </groups>
    <test name="Test" duration-ms="4355" started-at="2021-03-15T18:42:27Z" finished-at="2021-03-15T18:42:31Z">
      <class name="testcases.FacebookLogin">
        <test-method status="PASS" signature="setReport()[pri:0, instance:testcases.FacebookLogin@2d7275fc]" name="setReport" is-config="true" duration-ms="77" started-at="2021-03-15T18:42:27Z" finished-at="2021-03-15T18:42:27Z">
          <reporter-output>
          </reporter-output>
        </test-method> <!-- setReport -->
        <test-method status="PASS" signature="login()[pri:0, instance:testcases.FacebookLogin@2d7275fc]" name="login" duration-ms="4096" started-at="2021-03-15T18:42:27Z" finished-at="2021-03-15T18:42:31Z">
          <reporter-output>
          </reporter-output>
        </test-method> <!-- login -->
        <test-method status="PASS" signature="end()[pri:0, instance:testcases.FacebookLogin@2d7275fc]" name="end" is-config="true" duration-ms="169" started-at="2021-03-15T18:42:31Z" finished-at="2021-03-15T18:42:31Z">
          <reporter-output>
          </reporter-output>
        </test-method> <!-- end -->
      </class> <!-- testcases.FacebookLogin -->
    </test> <!-- Test -->
  </suite> <!-- Suite -->
</testng-results>
