<?xml version="1.0" encoding="UTF-8"?>
<testng-results skipped="0" failed="0" ignored="0" total="1" passed="1">
  <reporter-output>
  </reporter-output>
  <suite name="Default suite" duration-ms="4157" started-at="2021-03-15T13:45:31 EDT" finished-at="2021-03-15T13:45:35 EDT">
    <groups>
    </groups>
    <test name="Default test" duration-ms="4157" started-at="2021-03-15T13:45:31 EDT" finished-at="2021-03-15T13:45:35 EDT">
      <class name="testcases.FacebookLogin">
        <test-method status="PASS" signature="setReport()[pri:0, instance:testcases.FacebookLogin@4961f6af]" name="setReport" is-config="true" duration-ms="68" started-at="2021-03-15T13:45:31 EDT" finished-at="2021-03-15T13:45:31 EDT">
          <reporter-output>
          </reporter-output>
        </test-method> <!-- setReport -->
        <test-method status="PASS" signature="login()[pri:0, instance:testcases.FacebookLogin@4961f6af]" name="login" duration-ms="3890" started-at="2021-03-15T13:45:31 EDT" finished-at="2021-03-15T13:45:35 EDT">
          <reporter-output>
          </reporter-output>
        </test-method> <!-- login -->
        <test-method status="PASS" signature="end()[pri:0, instance:testcases.FacebookLogin@4961f6af]" name="end" is-config="true" duration-ms="179" started-at="2021-03-15T13:45:35 EDT" finished-at="2021-03-15T13:45:35 EDT">
          <reporter-output>
          </reporter-output>
        </test-method> <!-- end -->
      </class> <!-- testcases.FacebookLogin -->
    </test> <!-- Default test -->
  </suite> <!-- Default suite -->
</testng-results>
